[2025-02-28 05:33:10Z INFO HostContext] No proxy settings were found based on environmental variables (http_proxy/https_proxy/HTTP_PROXY/HTTPS_PROXY)
[2025-02-28 05:33:10Z INFO HostContext] Well known directory 'Bin': '/root/runner/bin'
[2025-02-28 05:33:10Z INFO HostContext] Well known directory 'Root': '/root/runner'
[2025-02-28 05:33:10Z INFO HostContext] Well known config file 'Credentials': '/root/runner/.credentials'
[2025-02-28 05:33:10Z INFO HostContext] Well known directory 'Bin': '/root/runner/bin'
[2025-02-28 05:33:10Z INFO HostContext] Well known directory 'Root': '/root/runner'
[2025-02-28 05:33:10Z INFO HostContext] Well known config file 'Runner': '/root/runner/.runner'
[2025-02-28 05:33:10Z INFO Listener] Runner is built for Linux (X64) - gancc.
[2025-02-28 05:33:10Z INFO Listener] RuntimeInformation: Ubuntu 22.04.1 LTS.
[2025-02-28 05:33:10Z INFO Listener] Version: 2.322.0
[2025-02-28 05:33:10Z INFO Listener] Commit: N/A
[2025-02-28 05:33:10Z INFO Listener] Culture: en-US
[2025-02-28 05:33:10Z INFO Listener] UI Culture: en-US
[2025-02-28 05:33:10Z INFO HostContext] Well known directory 'Bin': '/root/runner/bin'
[2025-02-28 05:33:10Z INFO HostContext] Well known directory 'Root': '/root/runner'
[2025-02-28 05:33:10Z INFO Listener] Validating directory permissions for: '/root/runner'
[2025-02-28 05:33:10Z INFO CommandLineParser] Parse
[2025-02-28 05:33:10Z INFO CommandLineParser] Parsing 5 args
[2025-02-28 05:33:10Z INFO CommandLineParser] parsing argument
[2025-02-28 05:33:10Z INFO CommandLineParser] HasArgs: False
[2025-02-28 05:33:10Z INFO CommandLineParser] Adding Command: configure
[2025-02-28 05:33:10Z INFO CommandLineParser] parsing argument
[2025-02-28 05:33:10Z INFO CommandLineParser] HasArgs: True
[2025-02-28 05:33:10Z INFO CommandLineParser] arg: url
[2025-02-28 05:33:10Z INFO CommandLineParser] parsing argument
[2025-02-28 05:33:10Z INFO CommandLineParser] HasArgs: True
[2025-02-28 05:33:10Z INFO CommandLineParser] Adding option 'url': 'https://github.com/977812671/test'
[2025-02-28 05:33:10Z INFO CommandLineParser] parsing argument
[2025-02-28 05:33:10Z INFO CommandLineParser] HasArgs: True
[2025-02-28 05:33:10Z INFO CommandLineParser] arg: pat
[2025-02-28 05:33:10Z INFO CommandLineParser] parsing argument
[2025-02-28 05:33:10Z INFO CommandLineParser] HasArgs: True
[2025-02-28 05:33:10Z INFO CommandLineParser] Adding option 'pat': '***'
[2025-02-28 05:33:10Z INFO Listener] Arguments parsed
[2025-02-28 05:33:10Z INFO Runner] ExecuteCommand
[2025-02-28 05:33:10Z INFO ConfigurationStore] currentAssemblyLocation: /root/runner/bin/Runner.Listener.dll
[2025-02-28 05:33:10Z INFO HostContext] Well known directory 'Bin': '/root/runner/bin'
[2025-02-28 05:33:10Z INFO ConfigurationStore] binPath: /root/runner/bin
[2025-02-28 05:33:10Z INFO HostContext] Well known directory 'Bin': '/root/runner/bin'
[2025-02-28 05:33:10Z INFO HostContext] Well known directory 'Root': '/root/runner'
[2025-02-28 05:33:10Z INFO ConfigurationStore] RootFolder: /root/runner
[2025-02-28 05:33:10Z INFO HostContext] Well known directory 'Bin': '/root/runner/bin'
[2025-02-28 05:33:10Z INFO HostContext] Well known directory 'Root': '/root/runner'
[2025-02-28 05:33:10Z INFO HostContext] Well known config file 'Runner': '/root/runner/.runner'
[2025-02-28 05:33:10Z INFO ConfigurationStore] ConfigFilePath: /root/runner/.runner
[2025-02-28 05:33:10Z INFO HostContext] Well known directory 'Bin': '/root/runner/bin'
[2025-02-28 05:33:10Z INFO HostContext] Well known directory 'Root': '/root/runner'
[2025-02-28 05:33:10Z INFO HostContext] Well known config file 'Credentials': '/root/runner/.credentials'
[2025-02-28 05:33:10Z INFO ConfigurationStore] CredFilePath: /root/runner/.credentials
[2025-02-28 05:33:10Z INFO HostContext] Well known directory 'Bin': '/root/runner/bin'
[2025-02-28 05:33:10Z INFO HostContext] Well known directory 'Root': '/root/runner'
[2025-02-28 05:33:10Z INFO HostContext] Well known config file 'MigratedCredentials': '/root/runner/.credentials_migrated'
[2025-02-28 05:33:10Z INFO ConfigurationStore] MigratedCredFilePath: /root/runner/.credentials_migrated
[2025-02-28 05:33:10Z INFO HostContext] Well known directory 'Bin': '/root/runner/bin'
[2025-02-28 05:33:10Z INFO HostContext] Well known directory 'Root': '/root/runner'
[2025-02-28 05:33:10Z INFO HostContext] Well known config file 'Service': '/root/runner/.service'
[2025-02-28 05:33:10Z INFO ConfigurationStore] ServiceConfigFilePath: /root/runner/.service
[2025-02-28 05:33:10Z INFO CommandSettings] Flag 'help': 'False'
[2025-02-28 05:33:10Z INFO CommandSettings] Flag 'version': 'False'
[2025-02-28 05:33:10Z INFO CommandSettings] Flag 'commit': 'False'
[2025-02-28 05:33:10Z INFO CommandSettings] Flag 'check': 'False'
[2025-02-28 05:33:10Z INFO CommandSettings] Command 'configure': 'True'
[2025-02-28 05:33:11Z INFO Terminal] WRITE LINE: 
[2025-02-28 05:33:11Z INFO Terminal] WRITE LINE: --------------------------------------------------------------------------------
[2025-02-28 05:33:11Z INFO Terminal] WRITE LINE: |        ____ _ _   _   _       _          _        _   _                      |
[2025-02-28 05:33:11Z INFO Terminal] WRITE LINE: |       / ___(_) |_| | | |_   _| |__      / \   ___| |_(_) ___  _ __  ___      |
[2025-02-28 05:33:11Z INFO Terminal] WRITE LINE: |      | |  _| | __| |_| | | | | '_ \    / _ \ / __| __| |/ _ \| '_ \/ __|     |
[2025-02-28 05:33:11Z INFO Terminal] WRITE LINE: |      | |_| | | |_|  _  | |_| | |_) |  / ___ \ (__| |_| | (_) | | | \__ \     |
[2025-02-28 05:33:11Z INFO Terminal] WRITE LINE: |       \____|_|\__|_| |_|\__,_|_.__/  /_/   \_\___|\__|_|\___/|_| |_|___/     |
[2025-02-28 05:33:11Z INFO Terminal] WRITE LINE: |                                                                              |
[2025-02-28 05:33:11Z INFO Terminal] WRITE: |                       
[2025-02-28 05:33:11Z INFO Terminal] WRITE: Self-hosted runner registration
[2025-02-28 05:33:11Z INFO Terminal] WRITE LINE:                         |
[2025-02-28 05:33:11Z INFO Terminal] WRITE LINE: |                                                                              |
[2025-02-28 05:33:11Z INFO Terminal] WRITE LINE: --------------------------------------------------------------------------------
[2025-02-28 05:33:11Z INFO ConfigurationManager] ConfigureAsync
[2025-02-28 05:33:11Z INFO CommandSettings] Flag 'generateServiceConfig': 'False'
[2025-02-28 05:33:11Z INFO ConfigurationStore] IsConfigured()
[2025-02-28 05:33:11Z INFO ConfigurationStore] IsConfigured: True
[2025-02-28 05:33:11Z INFO ConfigurationManager] Is configured: True
[2025-02-28 05:33:11Z ERR  Runner] System.InvalidOperationException: Cannot configure the runner because it is already configured. To reconfigure the runner, run 'config.cmd remove' or './config.sh remove' first.
   at GitHub.Runner.Listener.Configuration.ConfigurationManager.ConfigureAsync(CommandSettings command) in /root/runner/src/Runner.Listener/Configuration/ConfigurationManager.cs:line 109
   at GitHub.Runner.Listener.Runner.ExecuteCommand(CommandSettings command) in /root/runner/src/Runner.Listener/Runner.cs:line 141
[2025-02-28 05:33:11Z ERR  Terminal] WRITE ERROR: Cannot configure the runner because it is already configured. To reconfigure the runner, run 'config.cmd remove' or './config.sh remove' first.
[2025-02-28 05:33:11Z INFO Listener] Runner execution has finished with return code 1
