[2025-02-28 05:38:44Z INFO HostContext] No proxy settings were found based on environmental variables (http_proxy/https_proxy/HTTP_PROXY/HTTPS_PROXY)
[2025-02-28 05:38:44Z INFO HostContext] Well known directory 'Bin': '/root/runner/bin'
[2025-02-28 05:38:44Z INFO HostContext] Well known directory 'Root': '/root/runner'
[2025-02-28 05:38:44Z INFO HostContext] Well known config file 'Credentials': '/root/runner/.credentials'
[2025-02-28 05:38:44Z INFO HostContext] Well known directory 'Bin': '/root/runner/bin'
[2025-02-28 05:38:44Z INFO HostContext] Well known directory 'Root': '/root/runner'
[2025-02-28 05:38:44Z INFO HostContext] Well known config file 'Runner': '/root/runner/.runner'
[2025-02-28 05:38:44Z INFO Listener] Runner is built for Linux (X64) - gancc.
[2025-02-28 05:38:44Z INFO Listener] RuntimeInformation: Ubuntu 22.04.1 LTS.
[2025-02-28 05:38:44Z INFO Listener] Version: 2.322.0
[2025-02-28 05:38:44Z INFO Listener] Commit: N/A
[2025-02-28 05:38:44Z INFO Listener] Culture: en-US
[2025-02-28 05:38:44Z INFO Listener] UI Culture: en-US
[2025-02-28 05:38:44Z INFO HostContext] Well known directory 'Bin': '/root/runner/bin'
[2025-02-28 05:38:44Z INFO HostContext] Well known directory 'Root': '/root/runner'
[2025-02-28 05:38:44Z INFO Listener] Validating directory permissions for: '/root/runner'
[2025-02-28 05:38:44Z INFO CommandLineParser] Parse
[2025-02-28 05:38:44Z INFO CommandLineParser] Parsing 5 args
[2025-02-28 05:38:44Z INFO CommandLineParser] parsing argument
[2025-02-28 05:38:44Z INFO CommandLineParser] HasArgs: False
[2025-02-28 05:38:44Z INFO CommandLineParser] Adding Command: configure
[2025-02-28 05:38:44Z INFO CommandLineParser] parsing argument
[2025-02-28 05:38:44Z INFO CommandLineParser] HasArgs: True
[2025-02-28 05:38:44Z INFO CommandLineParser] arg: url
[2025-02-28 05:38:44Z INFO CommandLineParser] parsing argument
[2025-02-28 05:38:44Z INFO CommandLineParser] HasArgs: True
[2025-02-28 05:38:44Z INFO CommandLineParser] Adding option 'url': 'https://github.com/977812671/test'
[2025-02-28 05:38:44Z INFO CommandLineParser] parsing argument
[2025-02-28 05:38:44Z INFO CommandLineParser] HasArgs: True
[2025-02-28 05:38:44Z INFO CommandLineParser] arg: pat
[2025-02-28 05:38:44Z INFO CommandLineParser] parsing argument
[2025-02-28 05:38:44Z INFO CommandLineParser] HasArgs: True
[2025-02-28 05:38:44Z INFO CommandLineParser] Adding option 'pat': '***'
[2025-02-28 05:38:44Z INFO Listener] Arguments parsed
[2025-02-28 05:38:44Z INFO Runner] ExecuteCommand
[2025-02-28 05:38:44Z INFO ConfigurationStore] currentAssemblyLocation: /root/runner/bin/Runner.Listener.dll
[2025-02-28 05:38:44Z INFO HostContext] Well known directory 'Bin': '/root/runner/bin'
[2025-02-28 05:38:44Z INFO ConfigurationStore] binPath: /root/runner/bin
[2025-02-28 05:38:44Z INFO HostContext] Well known directory 'Bin': '/root/runner/bin'
[2025-02-28 05:38:44Z INFO HostContext] Well known directory 'Root': '/root/runner'
[2025-02-28 05:38:44Z INFO ConfigurationStore] RootFolder: /root/runner
[2025-02-28 05:38:44Z INFO HostContext] Well known directory 'Bin': '/root/runner/bin'
[2025-02-28 05:38:44Z INFO HostContext] Well known directory 'Root': '/root/runner'
[2025-02-28 05:38:44Z INFO HostContext] Well known config file 'Runner': '/root/runner/.runner'
[2025-02-28 05:38:44Z INFO ConfigurationStore] ConfigFilePath: /root/runner/.runner
[2025-02-28 05:38:44Z INFO HostContext] Well known directory 'Bin': '/root/runner/bin'
[2025-02-28 05:38:44Z INFO HostContext] Well known directory 'Root': '/root/runner'
[2025-02-28 05:38:44Z INFO HostContext] Well known config file 'Credentials': '/root/runner/.credentials'
[2025-02-28 05:38:44Z INFO ConfigurationStore] CredFilePath: /root/runner/.credentials
[2025-02-28 05:38:44Z INFO HostContext] Well known directory 'Bin': '/root/runner/bin'
[2025-02-28 05:38:44Z INFO HostContext] Well known directory 'Root': '/root/runner'
[2025-02-28 05:38:44Z INFO HostContext] Well known config file 'MigratedCredentials': '/root/runner/.credentials_migrated'
[2025-02-28 05:38:44Z INFO ConfigurationStore] MigratedCredFilePath: /root/runner/.credentials_migrated
[2025-02-28 05:38:44Z INFO HostContext] Well known directory 'Bin': '/root/runner/bin'
[2025-02-28 05:38:44Z INFO HostContext] Well known directory 'Root': '/root/runner'
[2025-02-28 05:38:44Z INFO HostContext] Well known config file 'Service': '/root/runner/.service'
[2025-02-28 05:38:44Z INFO ConfigurationStore] ServiceConfigFilePath: /root/runner/.service
[2025-02-28 05:38:44Z INFO CommandSettings] Flag 'help': 'False'
[2025-02-28 05:38:44Z INFO CommandSettings] Flag 'version': 'False'
[2025-02-28 05:38:44Z INFO CommandSettings] Flag 'commit': 'False'
[2025-02-28 05:38:44Z INFO CommandSettings] Flag 'check': 'False'
[2025-02-28 05:38:44Z INFO CommandSettings] Command 'configure': 'True'
[2025-02-28 05:38:44Z INFO Terminal] WRITE LINE: 
[2025-02-28 05:38:44Z INFO Terminal] WRITE LINE: --------------------------------------------------------------------------------
[2025-02-28 05:38:44Z INFO Terminal] WRITE LINE: |        ____ _ _   _   _       _          _        _   _                      |
[2025-02-28 05:38:44Z INFO Terminal] WRITE LINE: |       / ___(_) |_| | | |_   _| |__      / \   ___| |_(_) ___  _ __  ___      |
[2025-02-28 05:38:44Z INFO Terminal] WRITE LINE: |      | |  _| | __| |_| | | | | '_ \    / _ \ / __| __| |/ _ \| '_ \/ __|     |
[2025-02-28 05:38:44Z INFO Terminal] WRITE LINE: |      | |_| | | |_|  _  | |_| | |_) |  / ___ \ (__| |_| | (_) | | | \__ \     |
[2025-02-28 05:38:44Z INFO Terminal] WRITE LINE: |       \____|_|\__|_| |_|\__,_|_.__/  /_/   \_\___|\__|_|\___/|_| |_|___/     |
[2025-02-28 05:38:44Z INFO Terminal] WRITE LINE: |                                                                              |
[2025-02-28 05:38:44Z INFO Terminal] WRITE: |                       
[2025-02-28 05:38:44Z INFO Terminal] WRITE: Self-hosted runner registration
[2025-02-28 05:38:44Z INFO Terminal] WRITE LINE:                         |
[2025-02-28 05:38:44Z INFO Terminal] WRITE LINE: |                                                                              |
[2025-02-28 05:38:44Z INFO Terminal] WRITE LINE: --------------------------------------------------------------------------------
[2025-02-28 05:38:44Z INFO ConfigurationManager] ConfigureAsync
[2025-02-28 05:38:44Z INFO CommandSettings] Flag 'generateServiceConfig': 'False'
[2025-02-28 05:38:44Z INFO ConfigurationStore] IsConfigured()
[2025-02-28 05:38:44Z INFO ConfigurationStore] IsConfigured: False
[2025-02-28 05:38:44Z INFO ConfigurationManager] Is configured: False
[2025-02-28 05:38:44Z INFO CommandSettings] Arg 'url': 'https://github.com/977812671/test'
[2025-02-28 05:38:44Z INFO CommandSettings] Remove url from Arg dictionary.
[2025-02-28 05:38:44Z INFO ConfigurationManager] Retriving runner registration token using GitHub PAT.
[2025-02-28 05:38:46Z INFO ConfigurationManager] Http response code: Created from 'POST https://api.github.com/repos/977812671/test/actions/runners/registration-token' (C44A:2672ED:2C91F8E:59AD9B6:67C14BE4)
[2025-02-28 05:38:46Z INFO ConfigurationManager] Retrived runner registration token is good to 2025-02-28T14:38:46.087+08:00.
[2025-02-28 05:38:46Z INFO ConfigurationManager] Http response code: OK from 'POST https://api.github.com/actions/runner-registration' (89BE:B8D21:313D091:62D72EB:67C14BE6)
[2025-02-28 05:38:46Z INFO ConfigurationManager] Using V2 flow: False
[2025-02-28 05:38:46Z INFO ConfigurationManager] cred retrieved via GitHub auth
[2025-02-28 05:38:46Z INFO RunnerServer] EstablishVssConnection
[2025-02-28 05:38:46Z INFO RunnerServer] Establish connection with 100 seconds timeout.
[2025-02-28 05:38:47Z INFO GitHubActionsService] Starting operation Location.GetConnectionData
[2025-02-28 05:38:47Z INFO RunnerServer] EstablishVssConnection
[2025-02-28 05:38:47Z INFO RunnerServer] Establish connection with 60 seconds timeout.
[2025-02-28 05:38:47Z INFO GitHubActionsService] Starting operation Location.GetConnectionData
[2025-02-28 05:38:47Z INFO RunnerServer] EstablishVssConnection
[2025-02-28 05:38:47Z INFO RunnerServer] Establish connection with 60 seconds timeout.
[2025-02-28 05:38:47Z INFO GitHubActionsService] Starting operation Location.GetConnectionData
[2025-02-28 05:38:47Z INFO GitHubActionsService] Finished operation Location.GetConnectionData
[2025-02-28 05:38:47Z INFO GitHubActionsService] Finished operation Location.GetConnectionData
[2025-02-28 05:38:47Z INFO GitHubActionsService] Finished operation Location.GetConnectionData
[2025-02-28 05:38:47Z INFO Terminal] WRITE LINE: 
[2025-02-28 05:38:47Z INFO ConfigurationManager] Test Connection complete.
[2025-02-28 05:38:47Z INFO HostContext] Well known directory 'Bin': '/root/runner/bin'
[2025-02-28 05:38:47Z INFO HostContext] Well known directory 'Root': '/root/runner'
[2025-02-28 05:38:47Z INFO HostContext] Well known config file 'RSACredentials': '/root/runner/.credentials_rsaparams'
[2025-02-28 05:38:47Z INFO RSAFileKeyManager] Found existing RSA key parameters file /root/runner/.credentials_rsaparams
[2025-02-28 05:38:48Z INFO CommandSettings] Arg 'runnergroup': ''
[2025-02-28 05:38:48Z INFO CommandSettings] Flag 'unattended': 'False'
[2025-02-28 05:38:48Z INFO PromptManager] ReadValue
[2025-02-28 05:38:48Z INFO Terminal] WRITE: Enter the name of the runner group to add this runner to: 
[2025-02-28 05:38:48Z INFO Terminal] WRITE: [press Enter for Default] 
[2025-02-28 05:38:48Z INFO Terminal] READ LINE
[2025-02-28 05:40:46Z INFO Terminal] WRITE LINE: Exiting...
