[2025-02-28 06:10:24Z INFO HostContext] No proxy settings were found based on environmental variables (http_proxy/https_proxy/HTTP_PROXY/HTTPS_PROXY)
[2025-02-28 06:10:24Z INFO HostContext] Well known directory 'Bin': '/root/runner/bin'
[2025-02-28 06:10:24Z INFO HostContext] Well known directory 'Root': '/root/runner'
[2025-02-28 06:10:24Z INFO HostContext] Well known config file 'Credentials': '/root/runner/.credentials'
[2025-02-28 06:10:24Z INFO HostContext] Well known directory 'Bin': '/root/runner/bin'
[2025-02-28 06:10:24Z INFO HostContext] Well known directory 'Root': '/root/runner'
[2025-02-28 06:10:24Z INFO HostContext] Well known config file 'Runner': '/root/runner/.runner'
[2025-02-28 06:10:24Z INFO Listener] Runner is built for Linux (X64) - gancc.
[2025-02-28 06:10:24Z INFO Listener] RuntimeInformation: Ubuntu 22.04.1 LTS.
[2025-02-28 06:10:25Z INFO Listener] Version: 2.322.0
[2025-02-28 06:10:25Z INFO Listener] Commit: N/A
[2025-02-28 06:10:25Z INFO Listener] Culture: en-US
[2025-02-28 06:10:25Z INFO Listener] UI Culture: en-US
[2025-02-28 06:10:25Z INFO HostContext] Well known directory 'Bin': '/root/runner/bin'
[2025-02-28 06:10:25Z INFO HostContext] Well known directory 'Root': '/root/runner'
[2025-02-28 06:10:25Z INFO Listener] Validating directory permissions for: '/root/runner'
[2025-02-28 06:10:25Z INFO CommandLineParser] Parse
[2025-02-28 06:10:25Z INFO CommandLineParser] Parsing 1 args
[2025-02-28 06:10:25Z INFO CommandLineParser] parsing argument
[2025-02-28 06:10:25Z INFO CommandLineParser] HasArgs: False
[2025-02-28 06:10:25Z INFO CommandLineParser] Adding Command: remove
[2025-02-28 06:10:25Z INFO Listener] Arguments parsed
[2025-02-28 06:10:25Z INFO Runner] ExecuteCommand
[2025-02-28 06:10:25Z INFO ConfigurationStore] currentAssemblyLocation: /root/runner/bin/Runner.Listener.dll
[2025-02-28 06:10:25Z INFO HostContext] Well known directory 'Bin': '/root/runner/bin'
[2025-02-28 06:10:25Z INFO ConfigurationStore] binPath: /root/runner/bin
[2025-02-28 06:10:25Z INFO HostContext] Well known directory 'Bin': '/root/runner/bin'
[2025-02-28 06:10:25Z INFO HostContext] Well known directory 'Root': '/root/runner'
[2025-02-28 06:10:25Z INFO ConfigurationStore] RootFolder: /root/runner
[2025-02-28 06:10:25Z INFO HostContext] Well known directory 'Bin': '/root/runner/bin'
[2025-02-28 06:10:25Z INFO HostContext] Well known directory 'Root': '/root/runner'
[2025-02-28 06:10:25Z INFO HostContext] Well known config file 'Runner': '/root/runner/.runner'
[2025-02-28 06:10:25Z INFO ConfigurationStore] ConfigFilePath: /root/runner/.runner
[2025-02-28 06:10:25Z INFO HostContext] Well known directory 'Bin': '/root/runner/bin'
[2025-02-28 06:10:25Z INFO HostContext] Well known directory 'Root': '/root/runner'
[2025-02-28 06:10:25Z INFO HostContext] Well known config file 'Credentials': '/root/runner/.credentials'
[2025-02-28 06:10:25Z INFO ConfigurationStore] CredFilePath: /root/runner/.credentials
[2025-02-28 06:10:25Z INFO HostContext] Well known directory 'Bin': '/root/runner/bin'
[2025-02-28 06:10:25Z INFO HostContext] Well known directory 'Root': '/root/runner'
[2025-02-28 06:10:25Z INFO HostContext] Well known config file 'MigratedCredentials': '/root/runner/.credentials_migrated'
[2025-02-28 06:10:25Z INFO ConfigurationStore] MigratedCredFilePath: /root/runner/.credentials_migrated
[2025-02-28 06:10:25Z INFO HostContext] Well known directory 'Bin': '/root/runner/bin'
[2025-02-28 06:10:25Z INFO HostContext] Well known directory 'Root': '/root/runner'
[2025-02-28 06:10:25Z INFO HostContext] Well known config file 'Service': '/root/runner/.service'
[2025-02-28 06:10:25Z INFO ConfigurationStore] ServiceConfigFilePath: /root/runner/.service
[2025-02-28 06:10:25Z INFO CommandSettings] Flag 'help': 'False'
[2025-02-28 06:10:25Z INFO CommandSettings] Flag 'version': 'False'
[2025-02-28 06:10:25Z INFO CommandSettings] Flag 'commit': 'False'
[2025-02-28 06:10:25Z INFO CommandSettings] Flag 'check': 'False'
[2025-02-28 06:10:25Z INFO CommandSettings] Command 'configure': 'False'
[2025-02-28 06:10:25Z INFO CommandSettings] Command 'remove': 'True'
[2025-02-28 06:10:25Z INFO CommandSettings] Flag 'local': 'False'
[2025-02-28 06:10:25Z INFO ConfigurationStore] IsServiceConfigured()
[2025-02-28 06:10:25Z INFO ConfigurationStore] IsServiceConfigured: False
[2025-02-28 06:10:25Z INFO ConfigurationStore] IsConfigured()
[2025-02-28 06:10:25Z INFO ConfigurationStore] IsConfigured: True
[2025-02-28 06:10:25Z INFO ConfigurationStore] HasCredentials()
[2025-02-28 06:10:25Z INFO ConfigurationStore] stored True
[2025-02-28 06:10:25Z INFO ConfigurationStore] Read setting file: 295 chars
[2025-02-28 06:10:25Z INFO CommandSettings] Arg 'token': ''
[2025-02-28 06:10:25Z INFO CommandSettings] Flag 'unattended': 'False'
[2025-02-28 06:10:25Z INFO PromptManager] ReadValue
[2025-02-28 06:10:25Z INFO Terminal] WRITE: Enter runner remove token: 
[2025-02-28 06:10:25Z INFO Terminal] READ SECRET
[2025-02-28 06:10:53Z INFO Terminal] Read value: '***'
[2025-02-28 06:10:54Z ERR  Terminal] WRITE ERROR: Http response code: NotFound from 'POST https://api.github.com/actions/runner-registration' (Request Id: A236:1322E4:14E3E0:2A1EC4:67C1536D)
[2025-02-28 06:10:54Z ERR  Terminal] WRITE ERROR: {"message":"Not Found","documentation_url":"https://docs.github.com/rest","status":"404"}
[2025-02-28 06:10:54Z ERR  Terminal] WRITE ERROR: Failed: Removing runner from the server
[2025-02-28 06:10:54Z ERR  Runner] System.Net.Http.HttpRequestException: Response status code does not indicate success: 404 (Not Found).
   at System.Net.Http.HttpResponseMessage.EnsureSuccessStatusCode()
   at GitHub.Runner.Listener.Configuration.ConfigurationManager.GetTenantCredential(String githubUrl, String githubToken, String runnerEvent) in /root/runner/src/Runner.Listener/Configuration/ConfigurationManager.cs:line 849
   at GitHub.Runner.Listener.Configuration.ConfigurationManager.UnconfigureAsync(CommandSettings command) in /root/runner/src/Runner.Listener/Configuration/ConfigurationManager.cs:line 559
   at GitHub.Runner.Listener.Runner.ExecuteCommand(CommandSettings command) in /root/runner/src/Runner.Listener/Runner.cs:line 163
[2025-02-28 06:10:54Z ERR  Terminal] WRITE ERROR: Response status code does not indicate success: 404 (Not Found).
[2025-02-28 06:10:54Z INFO Listener] Runner execution has finished with return code 1
