[2025-02-28 06:32:14Z INFO HostContext] No proxy settings were found based on environmental variables (http_proxy/https_proxy/HTTP_PROXY/HTTPS_PROXY)
[2025-02-28 06:32:14Z INFO HostContext] Well known directory 'Bin': '/root/runner/bin'
[2025-02-28 06:32:14Z INFO HostContext] Well known directory 'Root': '/root/runner'
[2025-02-28 06:32:14Z INFO HostContext] Well known config file 'Credentials': '/root/runner/.credentials'
[2025-02-28 06:32:14Z INFO HostContext] Well known directory 'Bin': '/root/runner/bin'
[2025-02-28 06:32:14Z INFO HostContext] Well known directory 'Root': '/root/runner'
[2025-02-28 06:32:14Z INFO HostContext] Well known config file 'Runner': '/root/runner/.runner'
[2025-02-28 06:32:14Z INFO Listener] Runner is built for Linux (X64) - gancc.
[2025-02-28 06:32:14Z INFO Listener] RuntimeInformation: Ubuntu 22.04.1 LTS.
[2025-02-28 06:32:14Z INFO Listener] Version: 2.322.0
[2025-02-28 06:32:14Z INFO Listener] Commit: N/A
[2025-02-28 06:32:14Z INFO Listener] Culture: en-US
[2025-02-28 06:32:14Z INFO Listener] UI Culture: en-US
[2025-02-28 06:32:14Z INFO HostContext] Well known directory 'Bin': '/root/runner/bin'
[2025-02-28 06:32:14Z INFO HostContext] Well known directory 'Root': '/root/runner'
[2025-02-28 06:32:14Z INFO Listener] Validating directory permissions for: '/root/runner'
[2025-02-28 06:32:14Z INFO CommandLineParser] Parse
[2025-02-28 06:32:14Z INFO CommandLineParser] Parsing 5 args
[2025-02-28 06:32:14Z INFO CommandLineParser] parsing argument
[2025-02-28 06:32:14Z INFO CommandLineParser] HasArgs: False
[2025-02-28 06:32:14Z INFO CommandLineParser] Adding Command: configure
[2025-02-28 06:32:14Z INFO CommandLineParser] parsing argument
[2025-02-28 06:32:14Z INFO CommandLineParser] HasArgs: True
[2025-02-28 06:32:14Z INFO CommandLineParser] arg: url
[2025-02-28 06:32:14Z INFO CommandLineParser] parsing argument
[2025-02-28 06:32:14Z INFO CommandLineParser] HasArgs: True
[2025-02-28 06:32:14Z INFO CommandLineParser] Adding option 'url': 'https://github.com/977812671/test'
[2025-02-28 06:32:14Z INFO CommandLineParser] parsing argument
[2025-02-28 06:32:14Z INFO CommandLineParser] HasArgs: True
[2025-02-28 06:32:14Z INFO CommandLineParser] arg: pat
[2025-02-28 06:32:14Z INFO CommandLineParser] parsing argument
[2025-02-28 06:32:14Z INFO CommandLineParser] HasArgs: True
[2025-02-28 06:32:14Z INFO CommandLineParser] Adding option 'pat': '***'
[2025-02-28 06:32:14Z INFO Listener] Arguments parsed
[2025-02-28 06:32:15Z INFO Runner] ExecuteCommand
[2025-02-28 06:32:15Z INFO ConfigurationStore] currentAssemblyLocation: /root/runner/bin/Runner.Listener.dll
[2025-02-28 06:32:15Z INFO HostContext] Well known directory 'Bin': '/root/runner/bin'
[2025-02-28 06:32:15Z INFO ConfigurationStore] binPath: /root/runner/bin
[2025-02-28 06:32:15Z INFO HostContext] Well known directory 'Bin': '/root/runner/bin'
[2025-02-28 06:32:15Z INFO HostContext] Well known directory 'Root': '/root/runner'
[2025-02-28 06:32:15Z INFO ConfigurationStore] RootFolder: /root/runner
[2025-02-28 06:32:15Z INFO HostContext] Well known directory 'Bin': '/root/runner/bin'
[2025-02-28 06:32:15Z INFO HostContext] Well known directory 'Root': '/root/runner'
[2025-02-28 06:32:15Z INFO HostContext] Well known config file 'Runner': '/root/runner/.runner'
[2025-02-28 06:32:15Z INFO ConfigurationStore] ConfigFilePath: /root/runner/.runner
[2025-02-28 06:32:15Z INFO HostContext] Well known directory 'Bin': '/root/runner/bin'
[2025-02-28 06:32:15Z INFO HostContext] Well known directory 'Root': '/root/runner'
[2025-02-28 06:32:15Z INFO HostContext] Well known config file 'Credentials': '/root/runner/.credentials'
[2025-02-28 06:32:15Z INFO ConfigurationStore] CredFilePath: /root/runner/.credentials
[2025-02-28 06:32:15Z INFO HostContext] Well known directory 'Bin': '/root/runner/bin'
[2025-02-28 06:32:15Z INFO HostContext] Well known directory 'Root': '/root/runner'
[2025-02-28 06:32:15Z INFO HostContext] Well known config file 'MigratedCredentials': '/root/runner/.credentials_migrated'
[2025-02-28 06:32:15Z INFO ConfigurationStore] MigratedCredFilePath: /root/runner/.credentials_migrated
[2025-02-28 06:32:15Z INFO HostContext] Well known directory 'Bin': '/root/runner/bin'
[2025-02-28 06:32:15Z INFO HostContext] Well known directory 'Root': '/root/runner'
[2025-02-28 06:32:15Z INFO HostContext] Well known config file 'Service': '/root/runner/.service'
[2025-02-28 06:32:15Z INFO ConfigurationStore] ServiceConfigFilePath: /root/runner/.service
[2025-02-28 06:32:15Z INFO CommandSettings] Flag 'help': 'False'
[2025-02-28 06:32:15Z INFO CommandSettings] Flag 'version': 'False'
[2025-02-28 06:32:15Z INFO CommandSettings] Flag 'commit': 'False'
[2025-02-28 06:32:15Z INFO CommandSettings] Flag 'check': 'False'
[2025-02-28 06:32:15Z INFO CommandSettings] Command 'configure': 'True'
[2025-02-28 06:32:15Z INFO Terminal] WRITE LINE: 
[2025-02-28 06:32:15Z INFO Terminal] WRITE LINE: --------------------------------------------------------------------------------
[2025-02-28 06:32:15Z INFO Terminal] WRITE LINE: |        ____ _ _   _   _       _          _        _   _                      |
[2025-02-28 06:32:15Z INFO Terminal] WRITE LINE: |       / ___(_) |_| | | |_   _| |__      / \   ___| |_(_) ___  _ __  ___      |
[2025-02-28 06:32:15Z INFO Terminal] WRITE LINE: |      | |  _| | __| |_| | | | | '_ \    / _ \ / __| __| |/ _ \| '_ \/ __|     |
[2025-02-28 06:32:15Z INFO Terminal] WRITE LINE: |      | |_| | | |_|  _  | |_| | |_) |  / ___ \ (__| |_| | (_) | | | \__ \     |
[2025-02-28 06:32:15Z INFO Terminal] WRITE LINE: |       \____|_|\__|_| |_|\__,_|_.__/  /_/   \_\___|\__|_|\___/|_| |_|___/     |
[2025-02-28 06:32:15Z INFO Terminal] WRITE LINE: |                                                                              |
[2025-02-28 06:32:15Z INFO Terminal] WRITE: |                       
[2025-02-28 06:32:15Z INFO Terminal] WRITE: Self-hosted runner registration
[2025-02-28 06:32:15Z INFO Terminal] WRITE LINE:                         |
[2025-02-28 06:32:15Z INFO Terminal] WRITE LINE: |                                                                              |
[2025-02-28 06:32:15Z INFO Terminal] WRITE LINE: --------------------------------------------------------------------------------
[2025-02-28 06:32:15Z INFO ConfigurationManager] ConfigureAsync
[2025-02-28 06:32:15Z INFO CommandSettings] Flag 'generateServiceConfig': 'False'
[2025-02-28 06:32:15Z INFO ConfigurationStore] IsConfigured()
[2025-02-28 06:32:15Z INFO ConfigurationStore] IsConfigured: False
[2025-02-28 06:32:15Z INFO ConfigurationManager] Is configured: False
[2025-02-28 06:32:15Z INFO CommandSettings] Arg 'url': 'https://github.com/977812671/test'
[2025-02-28 06:32:15Z INFO CommandSettings] Remove url from Arg dictionary.
[2025-02-28 06:32:15Z INFO ConfigurationManager] Retriving runner registration token using GitHub PAT.
[2025-02-28 06:32:16Z INFO ConfigurationManager] Http response code: Created from 'POST https://api.github.com/repos/977812671/test/actions/runners/registration-token' (C460:2862C2:2EDEF18:5E4510A:67C1586F)
[2025-02-28 06:32:16Z INFO ConfigurationManager] Retrived runner registration token is good to 2025-02-28T15:32:16.248+08:00.
[2025-02-28 06:32:16Z INFO ConfigurationManager] Http response code: OK from 'POST https://api.github.com/actions/runner-registration' (9AC8:1633D2:210D30:42E788:67C15870)
[2025-02-28 06:32:16Z INFO ConfigurationManager] Using V2 flow: False
[2025-02-28 06:32:16Z INFO ConfigurationManager] cred retrieved via GitHub auth
[2025-02-28 06:32:16Z INFO RunnerServer] EstablishVssConnection
[2025-02-28 06:32:16Z INFO RunnerServer] Establish connection with 100 seconds timeout.
[2025-02-28 06:32:17Z INFO GitHubActionsService] Starting operation Location.GetConnectionData
[2025-02-28 06:32:17Z INFO RunnerServer] EstablishVssConnection
[2025-02-28 06:32:17Z INFO RunnerServer] Establish connection with 60 seconds timeout.
[2025-02-28 06:32:17Z INFO GitHubActionsService] Starting operation Location.GetConnectionData
[2025-02-28 06:32:17Z INFO RunnerServer] EstablishVssConnection
[2025-02-28 06:32:17Z INFO RunnerServer] Establish connection with 60 seconds timeout.
[2025-02-28 06:32:17Z INFO GitHubActionsService] Starting operation Location.GetConnectionData
[2025-02-28 06:32:17Z INFO GitHubActionsService] Finished operation Location.GetConnectionData
[2025-02-28 06:32:17Z INFO GitHubActionsService] Finished operation Location.GetConnectionData
[2025-02-28 06:32:17Z INFO GitHubActionsService] Finished operation Location.GetConnectionData
[2025-02-28 06:32:17Z INFO Terminal] WRITE LINE: 
[2025-02-28 06:32:17Z INFO ConfigurationManager] Test Connection complete.
[2025-02-28 06:32:17Z INFO HostContext] Well known directory 'Bin': '/root/runner/bin'
[2025-02-28 06:32:17Z INFO HostContext] Well known directory 'Root': '/root/runner'
[2025-02-28 06:32:17Z INFO HostContext] Well known config file 'RSACredentials': '/root/runner/.credentials_rsaparams'
[2025-02-28 06:32:17Z INFO RSAFileKeyManager] Creating new RSA key using 2048-bit key length
[2025-02-28 06:32:19Z INFO RSAFileKeyManager] Successfully saved RSA key parameters to file /root/runner/.credentials_rsaparams
[2025-02-28 06:32:19Z INFO RSAFileKeyManager] Which2: 'chmod'
[2025-02-28 06:32:19Z INFO RSAFileKeyManager] Location: '/usr/bin/chmod'
[2025-02-28 06:32:19Z INFO HostContext] Well known directory 'Bin': '/root/runner/bin'
[2025-02-28 06:32:19Z INFO HostContext] Well known directory 'Root': '/root/runner'
[2025-02-28 06:32:19Z INFO ProcessInvokerWrapper] Starting process:
[2025-02-28 06:32:19Z INFO ProcessInvokerWrapper]   File name: '/usr/bin/chmod'
[2025-02-28 06:32:19Z INFO ProcessInvokerWrapper]   Arguments: '600 /root/runner/.credentials_rsaparams'
[2025-02-28 06:32:19Z INFO ProcessInvokerWrapper]   Working directory: '/root/runner'
[2025-02-28 06:32:19Z INFO ProcessInvokerWrapper]   Require exit code zero: 'False'
[2025-02-28 06:32:19Z INFO ProcessInvokerWrapper]   Encoding web name:  ; code page: ''
[2025-02-28 06:32:19Z INFO ProcessInvokerWrapper]   Force kill process on cancellation: 'False'
[2025-02-28 06:32:19Z INFO ProcessInvokerWrapper]   Redirected STDIN: 'False'
[2025-02-28 06:32:19Z INFO ProcessInvokerWrapper]   Persist current code page: 'False'
[2025-02-28 06:32:19Z INFO ProcessInvokerWrapper]   Keep redirected STDIN open: 'False'
[2025-02-28 06:32:19Z INFO ProcessInvokerWrapper]   High priority process: 'False'
[2025-02-28 06:32:19Z INFO ProcessInvokerWrapper] STDOUT/STDERR stream read finished.
[2025-02-28 06:32:19Z INFO ProcessInvokerWrapper] Process started with process id 2256872, waiting for process exit.
[2025-02-28 06:32:19Z INFO ProcessInvokerWrapper] STDOUT/STDERR stream read finished.
[2025-02-28 06:32:19Z INFO ProcessInvokerWrapper] Finished process 2256872 with exit code 0, and elapsed time 00:00:00.0433310.
[2025-02-28 06:32:19Z INFO RSAFileKeyManager] Successfully set permissions for RSA key parameters file /root/runner/.credentials_rsaparams
[2025-02-28 06:32:19Z INFO CommandSettings] Arg 'runnergroup': ''
[2025-02-28 06:32:19Z INFO CommandSettings] Flag 'unattended': 'False'
[2025-02-28 06:32:19Z INFO PromptManager] ReadValue
[2025-02-28 06:32:19Z INFO Terminal] WRITE: Enter the name of the runner group to add this runner to: 
[2025-02-28 06:32:19Z INFO Terminal] WRITE: [press Enter for Default] 
[2025-02-28 06:32:19Z INFO Terminal] READ LINE
[2025-02-28 06:32:22Z INFO Terminal] Read value: ''
[2025-02-28 06:32:22Z INFO PromptManager] Falling back to the default: 'Default'
[2025-02-28 06:32:22Z INFO Terminal] WRITE LINE: 
[2025-02-28 06:32:22Z INFO ConfigurationManager] Found a self-hosted runner group with id 1 and name Default
[2025-02-28 06:32:22Z INFO CommandSettings] Flag 'disableupdate': 'False'
[2025-02-28 06:32:22Z INFO CommandSettings] Flag 'ephemeral': 'False'
[2025-02-28 06:32:22Z INFO CommandSettings] Arg 'name': ''
[2025-02-28 06:32:22Z INFO CommandSettings] Flag 'unattended': 'False'
[2025-02-28 06:32:22Z INFO PromptManager] ReadValue
[2025-02-28 06:32:22Z INFO Terminal] WRITE: Enter the name of runner: 
[2025-02-28 06:32:22Z INFO Terminal] WRITE: [press Enter for racknerd-fd2fee] 
[2025-02-28 06:32:22Z INFO Terminal] READ LINE
[2025-02-28 06:32:23Z INFO Terminal] Read value: ''
[2025-02-28 06:32:23Z INFO PromptManager] Falling back to the default: 'racknerd-fd2fee'
[2025-02-28 06:32:23Z INFO Terminal] WRITE LINE: 
[2025-02-28 06:32:23Z INFO CommandSettings] Arg 'labels': ''
[2025-02-28 06:32:23Z INFO CommandSettings] Flag 'unattended': 'False'
[2025-02-28 06:32:23Z INFO PromptManager] ReadValue
[2025-02-28 06:32:23Z INFO Terminal] WRITE: This runner will have the following labels: 'self-hosted', 'Linux', 'X64' 
Enter any additional labels (ex. label-1,label-2): 
[2025-02-28 06:32:23Z INFO Terminal] WRITE: [press Enter to skip] 
[2025-02-28 06:32:23Z INFO Terminal] READ LINE
[2025-02-28 06:32:24Z INFO Terminal] Read value: ''
[2025-02-28 06:32:24Z INFO Terminal] WRITE LINE: 
[2025-02-28 06:32:24Z INFO CommandSettings] Flag 'disableupdate': 'False'
[2025-02-28 06:32:24Z INFO CommandSettings] Flag 'no-default-labels': 'False'
[2025-02-28 06:32:25Z INFO CommandSettings] Flag 'disableupdate': 'False'
[2025-02-28 06:32:25Z INFO CommandSettings] Flag 'ephemeral': 'False'
[2025-02-28 06:32:25Z INFO ConfigurationStore] Saving OAuth credential @ /root/runner/.credentials
[2025-02-28 06:32:25Z INFO ConfigurationStore] Credentials Saved.
[2025-02-28 06:32:25Z INFO ConfigurationStore] HasCredentials()
[2025-02-28 06:32:25Z INFO ConfigurationStore] stored True
[2025-02-28 06:32:25Z INFO CredentialManager] GetCredentialProvider
[2025-02-28 06:32:25Z INFO CredentialManager] Creating type OAuth
[2025-02-28 06:32:25Z INFO CredentialManager] Creating credential type: OAuth
[2025-02-28 06:32:25Z INFO RSAFileKeyManager] Loading RSA key parameters from file /root/runner/.credentials_rsaparams
[2025-02-28 06:32:25Z INFO RSAFileKeyManager] Loading RSA key parameters from file /root/runner/.credentials_rsaparams
[2025-02-28 06:32:25Z INFO RunnerServer] EstablishVssConnection
[2025-02-28 06:32:25Z INFO RunnerServer] Establish connection with 100 seconds timeout.
[2025-02-28 06:32:25Z INFO GitHubActionsService] Starting operation Location.GetConnectionData
[2025-02-28 06:32:25Z INFO RunnerServer] EstablishVssConnection
[2025-02-28 06:32:25Z INFO RunnerServer] Establish connection with 60 seconds timeout.
[2025-02-28 06:32:25Z INFO GitHubActionsService] Starting operation Location.GetConnectionData
[2025-02-28 06:32:25Z INFO RunnerServer] EstablishVssConnection
[2025-02-28 06:32:25Z INFO RunnerServer] Establish connection with 60 seconds timeout.
[2025-02-28 06:32:25Z INFO GitHubActionsService] Starting operation Location.GetConnectionData
[2025-02-28 06:32:25Z INFO GitHubActionsService] Finished operation Location.GetConnectionData
[2025-02-28 06:32:25Z INFO GitHubActionsService] Finished operation Location.GetConnectionData
[2025-02-28 06:32:25Z INFO GitHubActionsService] Finished operation Location.GetConnectionData
[2025-02-28 06:32:25Z INFO RSAFileKeyManager] Loading RSA key parameters from file /root/runner/.credentials_rsaparams
[2025-02-28 06:32:25Z INFO RSAFileKeyManager] Loading RSA key parameters from file /root/runner/.credentials_rsaparams
[2025-02-28 06:32:25Z INFO GitHubActionsService] AAD Correlation ID for this token request: Unknown
[2025-02-28 06:32:25Z INFO CommandSettings] Arg 'work': ''
[2025-02-28 06:32:25Z INFO CommandSettings] Flag 'unattended': 'False'
[2025-02-28 06:32:25Z INFO PromptManager] ReadValue
[2025-02-28 06:32:25Z INFO Terminal] WRITE: Enter name of work folder: 
[2025-02-28 06:32:25Z INFO Terminal] WRITE: [press Enter for _work] 
[2025-02-28 06:32:25Z INFO Terminal] READ LINE
[2025-02-28 06:32:29Z INFO Terminal] Read value: ''
[2025-02-28 06:32:29Z INFO PromptManager] Falling back to the default: '_work'
[2025-02-28 06:32:29Z INFO ConfigurationStore] Saving runner settings.
[2025-02-28 06:32:29Z INFO ConfigurationStore] Settings Saved.
[2025-02-28 06:32:29Z INFO Terminal] WRITE LINE: 
[2025-02-28 06:32:29Z INFO Terminal] WRITE LINE: 
[2025-02-28 06:32:29Z INFO SystemDControlManager] Service name 'actions.runner.977812671-test.racknerd-fd2fee.service' display name 'GitHub Actions Runner (977812671-test.racknerd-fd2fee)' will be used for service configuration.
[2025-02-28 06:32:29Z INFO HostContext] Well known directory 'Bin': '/root/runner/bin'
[2025-02-28 06:32:29Z INFO HostContext] Well known directory 'Root': '/root/runner'
[2025-02-28 06:32:29Z INFO HostContext] Well known directory 'Bin': '/root/runner/bin'
[2025-02-28 06:32:29Z ERR  SystemDControlManager] System.IO.FileNotFoundException: Could not find file '/root/runner/bin/systemd.svc.sh.template'.
File name: '/root/runner/bin/systemd.svc.sh.template'
   at Interop.ThrowExceptionForIoErrno(ErrorInfo errorInfo, String path, Boolean isDirError)
   at Microsoft.Win32.SafeHandles.SafeFileHandle.Open(String path, OpenFlags flags, Int32 mode, Boolean failForSymlink, Boolean& wasSymlink, Func`4 createOpenException)
   at Microsoft.Win32.SafeHandles.SafeFileHandle.Open(String fullPath, FileMode mode, FileAccess access, FileShare share, FileOptions options, Int64 preallocationSize, UnixFileMode openPermissions, Int64& fileLength, UnixFileMode& filePermissions, Boolean failForSymlink, Boolean& wasSymlink, Func`4 createOpenException)
   at System.IO.Strategies.OSFileStreamStrategy..ctor(String path, FileMode mode, FileAccess access, FileShare share, FileOptions options, Int64 preallocationSize, Nullable`1 unixCreateMode)
   at System.IO.StreamReader.ValidateArgsAndOpenPath(String path, Encoding encoding, Int32 bufferSize)
   at System.IO.File.ReadAllText(String path, Encoding encoding)
   at GitHub.Runner.Listener.Configuration.SystemDControlManager.GenerateScripts(RunnerSettings settings) in /root/runner/src/Runner.Listener/Configuration/SystemdControlManager.cs:line 30
[2025-02-28 06:32:29Z ERR  Runner] System.IO.FileNotFoundException: Could not find file '/root/runner/bin/systemd.svc.sh.template'.
File name: '/root/runner/bin/systemd.svc.sh.template'
   at Interop.ThrowExceptionForIoErrno(ErrorInfo errorInfo, String path, Boolean isDirError)
   at Microsoft.Win32.SafeHandles.SafeFileHandle.Open(String path, OpenFlags flags, Int32 mode, Boolean failForSymlink, Boolean& wasSymlink, Func`4 createOpenException)
   at Microsoft.Win32.SafeHandles.SafeFileHandle.Open(String fullPath, FileMode mode, FileAccess access, FileShare share, FileOptions options, Int64 preallocationSize, UnixFileMode openPermissions, Int64& fileLength, UnixFileMode& filePermissions, Boolean failForSymlink, Boolean& wasSymlink, Func`4 createOpenException)
   at System.IO.Strategies.OSFileStreamStrategy..ctor(String path, FileMode mode, FileAccess access, FileShare share, FileOptions options, Int64 preallocationSize, Nullable`1 unixCreateMode)
   at System.IO.StreamReader.ValidateArgsAndOpenPath(String path, Encoding encoding, Int32 bufferSize)
   at System.IO.File.ReadAllText(String path, Encoding encoding)
   at GitHub.Runner.Listener.Configuration.SystemDControlManager.GenerateScripts(RunnerSettings settings) in /root/runner/src/Runner.Listener/Configuration/SystemdControlManager.cs:line 30
   at GitHub.Runner.Listener.Configuration.ConfigurationManager.ConfigureAsync(CommandSettings command) in /root/runner/src/Runner.Listener/Configuration/ConfigurationManager.cs:line 467
   at GitHub.Runner.Listener.Runner.ExecuteCommand(CommandSettings command) in /root/runner/src/Runner.Listener/Runner.cs:line 141
[2025-02-28 06:32:29Z ERR  Terminal] WRITE ERROR: Could not find file '/root/runner/bin/systemd.svc.sh.template'.
[2025-02-28 06:32:29Z INFO Listener] Runner execution has finished with return code 1
