[2025-02-27 14:17:15Z INFO HostContext] No proxy settings were found based on environmental variables (http_proxy/https_proxy/HTTP_PROXY/HTTPS_PROXY)
[2025-02-27 14:17:15Z INFO HostContext] Well known directory 'Bin': '/root/runner/bin'
[2025-02-27 14:17:15Z INFO HostContext] Well known directory 'Root': '/root/runner'
[2025-02-27 14:17:15Z INFO HostContext] Well known config file 'Credentials': '/root/runner/.credentials'
[2025-02-27 14:17:15Z INFO HostContext] Well known directory 'Bin': '/root/runner/bin'
[2025-02-27 14:17:15Z INFO HostContext] Well known directory 'Root': '/root/runner'
[2025-02-27 14:17:15Z INFO HostContext] Well known config file 'Runner': '/root/runner/.runner'
[2025-02-27 14:17:15Z INFO Listener] Runner is built for Linux (X64) - gancc.
[2025-02-27 14:17:15Z INFO Listener] RuntimeInformation: Ubuntu 22.04.1 LTS.
[2025-02-27 14:17:15Z INFO Listener] Version: 2.322.0
[2025-02-27 14:17:15Z INFO Listener] Commit: N/A
[2025-02-27 14:17:15Z INFO Listener] Culture: en-US
[2025-02-27 14:17:15Z INFO Listener] UI Culture: en-US
[2025-02-27 14:17:15Z INFO HostContext] Well known directory 'Bin': '/root/runner/bin'
[2025-02-27 14:17:15Z INFO HostContext] Well known directory 'Root': '/root/runner'
[2025-02-27 14:17:15Z INFO Listener] Validating directory permissions for: '/root/runner'
[2025-02-27 14:17:15Z INFO CommandLineParser] Parse
[2025-02-27 14:17:15Z INFO CommandLineParser] Parsing 5 args
[2025-02-27 14:17:15Z INFO CommandLineParser] parsing argument
[2025-02-27 14:17:15Z INFO CommandLineParser] HasArgs: False
[2025-02-27 14:17:15Z INFO CommandLineParser] Adding Command: configure
[2025-02-27 14:17:15Z INFO CommandLineParser] parsing argument
[2025-02-27 14:17:15Z INFO CommandLineParser] HasArgs: True
[2025-02-27 14:17:15Z INFO CommandLineParser] arg: url
[2025-02-27 14:17:15Z INFO CommandLineParser] parsing argument
[2025-02-27 14:17:15Z INFO CommandLineParser] HasArgs: True
[2025-02-27 14:17:15Z INFO CommandLineParser] Adding option 'url': 'https://github.com/977812671/test'
[2025-02-27 14:17:15Z INFO CommandLineParser] parsing argument
[2025-02-27 14:17:15Z INFO CommandLineParser] HasArgs: True
[2025-02-27 14:17:15Z INFO CommandLineParser] arg: token
[2025-02-27 14:17:15Z INFO CommandLineParser] parsing argument
[2025-02-27 14:17:15Z INFO CommandLineParser] HasArgs: True
[2025-02-27 14:17:15Z INFO CommandLineParser] Adding option 'token': '***'
[2025-02-27 14:17:15Z INFO Listener] Arguments parsed
[2025-02-27 14:17:15Z INFO Runner] ExecuteCommand
[2025-02-27 14:17:15Z INFO ConfigurationStore] currentAssemblyLocation: /root/runner/bin/Runner.Listener.dll
[2025-02-27 14:17:15Z INFO HostContext] Well known directory 'Bin': '/root/runner/bin'
[2025-02-27 14:17:15Z INFO ConfigurationStore] binPath: /root/runner/bin
[2025-02-27 14:17:15Z INFO HostContext] Well known directory 'Bin': '/root/runner/bin'
[2025-02-27 14:17:15Z INFO HostContext] Well known directory 'Root': '/root/runner'
[2025-02-27 14:17:15Z INFO ConfigurationStore] RootFolder: /root/runner
[2025-02-27 14:17:15Z INFO HostContext] Well known directory 'Bin': '/root/runner/bin'
[2025-02-27 14:17:15Z INFO HostContext] Well known directory 'Root': '/root/runner'
[2025-02-27 14:17:15Z INFO HostContext] Well known config file 'Runner': '/root/runner/.runner'
[2025-02-27 14:17:15Z INFO ConfigurationStore] ConfigFilePath: /root/runner/.runner
[2025-02-27 14:17:15Z INFO HostContext] Well known directory 'Bin': '/root/runner/bin'
[2025-02-27 14:17:15Z INFO HostContext] Well known directory 'Root': '/root/runner'
[2025-02-27 14:17:15Z INFO HostContext] Well known config file 'Credentials': '/root/runner/.credentials'
[2025-02-27 14:17:15Z INFO ConfigurationStore] CredFilePath: /root/runner/.credentials
[2025-02-27 14:17:15Z INFO HostContext] Well known directory 'Bin': '/root/runner/bin'
[2025-02-27 14:17:15Z INFO HostContext] Well known directory 'Root': '/root/runner'
[2025-02-27 14:17:15Z INFO HostContext] Well known config file 'MigratedCredentials': '/root/runner/.credentials_migrated'
[2025-02-27 14:17:15Z INFO ConfigurationStore] MigratedCredFilePath: /root/runner/.credentials_migrated
[2025-02-27 14:17:15Z INFO HostContext] Well known directory 'Bin': '/root/runner/bin'
[2025-02-27 14:17:15Z INFO HostContext] Well known directory 'Root': '/root/runner'
[2025-02-27 14:17:15Z INFO HostContext] Well known config file 'Service': '/root/runner/.service'
[2025-02-27 14:17:15Z INFO ConfigurationStore] ServiceConfigFilePath: /root/runner/.service
[2025-02-27 14:17:15Z INFO CommandSettings] Flag 'help': 'False'
[2025-02-27 14:17:15Z INFO CommandSettings] Flag 'version': 'False'
[2025-02-27 14:17:15Z INFO CommandSettings] Flag 'commit': 'False'
[2025-02-27 14:17:15Z INFO CommandSettings] Flag 'check': 'False'
[2025-02-27 14:17:15Z INFO CommandSettings] Command 'configure': 'True'
[2025-02-27 14:17:15Z INFO Terminal] WRITE LINE: 
[2025-02-27 14:17:15Z INFO Terminal] WRITE LINE: --------------------------------------------------------------------------------
[2025-02-27 14:17:15Z INFO Terminal] WRITE LINE: |        ____ _ _   _   _       _          _        _   _                      |
[2025-02-27 14:17:15Z INFO Terminal] WRITE LINE: |       / ___(_) |_| | | |_   _| |__      / \   ___| |_(_) ___  _ __  ___      |
[2025-02-27 14:17:15Z INFO Terminal] WRITE LINE: |      | |  _| | __| |_| | | | | '_ \    / _ \ / __| __| |/ _ \| '_ \/ __|     |
[2025-02-27 14:17:15Z INFO Terminal] WRITE LINE: |      | |_| | | |_|  _  | |_| | |_) |  / ___ \ (__| |_| | (_) | | | \__ \     |
[2025-02-27 14:17:15Z INFO Terminal] WRITE LINE: |       \____|_|\__|_| |_|\__,_|_.__/  /_/   \_\___|\__|_|\___/|_| |_|___/     |
[2025-02-27 14:17:15Z INFO Terminal] WRITE LINE: |                                                                              |
[2025-02-27 14:17:15Z INFO Terminal] WRITE: |                       
[2025-02-27 14:17:15Z INFO Terminal] WRITE: Self-hosted runner registration
[2025-02-27 14:17:15Z INFO Terminal] WRITE LINE:                         |
[2025-02-27 14:17:15Z INFO Terminal] WRITE LINE: |                                                                              |
[2025-02-27 14:17:15Z INFO Terminal] WRITE LINE: --------------------------------------------------------------------------------
[2025-02-27 14:17:15Z INFO ConfigurationManager] ConfigureAsync
[2025-02-27 14:17:15Z INFO CommandSettings] Flag 'generateServiceConfig': 'False'
[2025-02-27 14:17:15Z INFO ConfigurationStore] IsConfigured()
[2025-02-27 14:17:15Z INFO ConfigurationStore] IsConfigured: False
[2025-02-27 14:17:15Z INFO ConfigurationManager] Is configured: False
[2025-02-27 14:17:15Z INFO CommandSettings] Arg 'url': 'https://github.com/977812671/test'
[2025-02-27 14:17:15Z INFO CommandSettings] Remove url from Arg dictionary.
[2025-02-27 14:17:15Z INFO CommandSettings] Arg 'token': '***'
[2025-02-27 14:17:15Z INFO CommandSettings] Remove token from Arg dictionary.
[2025-02-27 14:17:16Z ERR  Terminal] WRITE ERROR: Http response code: NotFound from 'POST https://api.github.com/actions/runner-registration' (Request Id: 8A08:224C03:3A5C02D:7570926:67C073EB)
[2025-02-27 14:17:16Z ERR  Terminal] WRITE ERROR: {"message":"Not Found","documentation_url":"https://docs.github.com/rest","status":"404"}
[2025-02-27 14:17:16Z ERR  Runner] System.Net.Http.HttpRequestException: Response status code does not indicate success: 404 (Not Found).
   at System.Net.Http.HttpResponseMessage.EnsureSuccessStatusCode()
   at GitHub.Runner.Listener.Configuration.ConfigurationManager.GetTenantCredential(String githubUrl, String githubToken, String runnerEvent) in /root/runner-2.322.0/src/Runner.Listener/Configuration/ConfigurationManager.cs:line 804
   at GitHub.Runner.Listener.Configuration.ConfigurationManager.ConfigureAsync(CommandSettings command) in /root/runner-2.322.0/src/Runner.Listener/Configuration/ConfigurationManager.cs:line 137
   at GitHub.Runner.Listener.Runner.ExecuteCommand(CommandSettings command) in /root/runner-2.322.0/src/Runner.Listener/Runner.cs:line 141
[2025-02-27 14:17:16Z ERR  Terminal] WRITE ERROR: Response status code does not indicate success: 404 (Not Found).
[2025-02-27 14:17:16Z INFO Listener] Runner execution has finished with return code 1
