[2025-02-28 06:15:35Z INFO HostContext] No proxy settings were found based on environmental variables (http_proxy/https_proxy/HTTP_PROXY/HTTPS_PROXY)
[2025-02-28 06:15:35Z INFO HostContext] Well known directory 'Bin': '/root/runner/bin'
[2025-02-28 06:15:35Z INFO HostContext] Well known directory 'Root': '/root/runner'
[2025-02-28 06:15:35Z INFO HostContext] Well known config file 'Credentials': '/root/runner/.credentials'
[2025-02-28 06:15:35Z INFO HostContext] Well known directory 'Bin': '/root/runner/bin'
[2025-02-28 06:15:35Z INFO HostContext] Well known directory 'Root': '/root/runner'
[2025-02-28 06:15:35Z INFO HostContext] Well known config file 'Runner': '/root/runner/.runner'
[2025-02-28 06:15:35Z INFO Listener] Runner is built for Linux (X64) - gancc.
[2025-02-28 06:15:35Z INFO Listener] RuntimeInformation: Ubuntu 22.04.1 LTS.
[2025-02-28 06:15:35Z INFO Listener] Version: 2.322.0
[2025-02-28 06:15:35Z INFO Listener] Commit: N/A
[2025-02-28 06:15:35Z INFO Listener] Culture: en-US
[2025-02-28 06:15:35Z INFO Listener] UI Culture: en-US
[2025-02-28 06:15:35Z INFO HostContext] Well known directory 'Bin': '/root/runner/bin'
[2025-02-28 06:15:35Z INFO HostContext] Well known directory 'Root': '/root/runner'
[2025-02-28 06:15:35Z INFO Listener] Validating directory permissions for: '/root/runner'
[2025-02-28 06:15:35Z INFO CommandLineParser] Parse
[2025-02-28 06:15:35Z INFO CommandLineParser] Parsing 5 args
[2025-02-28 06:15:35Z INFO CommandLineParser] parsing argument
[2025-02-28 06:15:35Z INFO CommandLineParser] HasArgs: False
[2025-02-28 06:15:35Z INFO CommandLineParser] Adding Command: configure
[2025-02-28 06:15:35Z INFO CommandLineParser] parsing argument
[2025-02-28 06:15:35Z INFO CommandLineParser] HasArgs: True
[2025-02-28 06:15:35Z INFO CommandLineParser] arg: url
[2025-02-28 06:15:35Z INFO CommandLineParser] parsing argument
[2025-02-28 06:15:35Z INFO CommandLineParser] HasArgs: True
[2025-02-28 06:15:35Z INFO CommandLineParser] Adding option 'url': 'https://github.com/977812671/test'
[2025-02-28 06:15:35Z INFO CommandLineParser] parsing argument
[2025-02-28 06:15:35Z INFO CommandLineParser] HasArgs: True
[2025-02-28 06:15:35Z INFO CommandLineParser] arg: pat
[2025-02-28 06:15:35Z INFO CommandLineParser] parsing argument
[2025-02-28 06:15:35Z INFO CommandLineParser] HasArgs: True
[2025-02-28 06:15:36Z INFO CommandLineParser] Adding option 'pat': '***'
[2025-02-28 06:15:36Z INFO Listener] Arguments parsed
[2025-02-28 06:15:36Z INFO Runner] ExecuteCommand
[2025-02-28 06:15:36Z INFO ConfigurationStore] currentAssemblyLocation: /root/runner/bin/Runner.Listener.dll
[2025-02-28 06:15:36Z INFO HostContext] Well known directory 'Bin': '/root/runner/bin'
[2025-02-28 06:15:36Z INFO ConfigurationStore] binPath: /root/runner/bin
[2025-02-28 06:15:36Z INFO HostContext] Well known directory 'Bin': '/root/runner/bin'
[2025-02-28 06:15:36Z INFO HostContext] Well known directory 'Root': '/root/runner'
[2025-02-28 06:15:36Z INFO ConfigurationStore] RootFolder: /root/runner
[2025-02-28 06:15:36Z INFO HostContext] Well known directory 'Bin': '/root/runner/bin'
[2025-02-28 06:15:36Z INFO HostContext] Well known directory 'Root': '/root/runner'
[2025-02-28 06:15:36Z INFO HostContext] Well known config file 'Runner': '/root/runner/.runner'
[2025-02-28 06:15:36Z INFO ConfigurationStore] ConfigFilePath: /root/runner/.runner
[2025-02-28 06:15:36Z INFO HostContext] Well known directory 'Bin': '/root/runner/bin'
[2025-02-28 06:15:36Z INFO HostContext] Well known directory 'Root': '/root/runner'
[2025-02-28 06:15:36Z INFO HostContext] Well known config file 'Credentials': '/root/runner/.credentials'
[2025-02-28 06:15:36Z INFO ConfigurationStore] CredFilePath: /root/runner/.credentials
[2025-02-28 06:15:36Z INFO HostContext] Well known directory 'Bin': '/root/runner/bin'
[2025-02-28 06:15:36Z INFO HostContext] Well known directory 'Root': '/root/runner'
[2025-02-28 06:15:36Z INFO HostContext] Well known config file 'MigratedCredentials': '/root/runner/.credentials_migrated'
[2025-02-28 06:15:36Z INFO ConfigurationStore] MigratedCredFilePath: /root/runner/.credentials_migrated
[2025-02-28 06:15:36Z INFO HostContext] Well known directory 'Bin': '/root/runner/bin'
[2025-02-28 06:15:36Z INFO HostContext] Well known directory 'Root': '/root/runner'
[2025-02-28 06:15:36Z INFO HostContext] Well known config file 'Service': '/root/runner/.service'
[2025-02-28 06:15:36Z INFO ConfigurationStore] ServiceConfigFilePath: /root/runner/.service
[2025-02-28 06:15:36Z INFO CommandSettings] Flag 'help': 'False'
[2025-02-28 06:15:36Z INFO CommandSettings] Flag 'version': 'False'
[2025-02-28 06:15:36Z INFO CommandSettings] Flag 'commit': 'False'
[2025-02-28 06:15:36Z INFO CommandSettings] Flag 'check': 'False'
[2025-02-28 06:15:36Z INFO CommandSettings] Command 'configure': 'True'
[2025-02-28 06:15:36Z INFO Terminal] WRITE LINE: 
[2025-02-28 06:15:36Z INFO Terminal] WRITE LINE: --------------------------------------------------------------------------------
[2025-02-28 06:15:36Z INFO Terminal] WRITE LINE: |        ____ _ _   _   _       _          _        _   _                      |
[2025-02-28 06:15:36Z INFO Terminal] WRITE LINE: |       / ___(_) |_| | | |_   _| |__      / \   ___| |_(_) ___  _ __  ___      |
[2025-02-28 06:15:36Z INFO Terminal] WRITE LINE: |      | |  _| | __| |_| | | | | '_ \    / _ \ / __| __| |/ _ \| '_ \/ __|     |
[2025-02-28 06:15:36Z INFO Terminal] WRITE LINE: |      | |_| | | |_|  _  | |_| | |_) |  / ___ \ (__| |_| | (_) | | | \__ \     |
[2025-02-28 06:15:36Z INFO Terminal] WRITE LINE: |       \____|_|\__|_| |_|\__,_|_.__/  /_/   \_\___|\__|_|\___/|_| |_|___/     |
[2025-02-28 06:15:36Z INFO Terminal] WRITE LINE: |                                                                              |
[2025-02-28 06:15:36Z INFO Terminal] WRITE: |                       
[2025-02-28 06:15:36Z INFO Terminal] WRITE: Self-hosted runner registration
[2025-02-28 06:15:36Z INFO Terminal] WRITE LINE:                         |
[2025-02-28 06:15:36Z INFO Terminal] WRITE LINE: |                                                                              |
[2025-02-28 06:15:36Z INFO Terminal] WRITE LINE: --------------------------------------------------------------------------------
[2025-02-28 06:15:36Z INFO ConfigurationManager] ConfigureAsync
[2025-02-28 06:15:36Z INFO CommandSettings] Flag 'generateServiceConfig': 'False'
[2025-02-28 06:15:36Z INFO ConfigurationStore] IsConfigured()
[2025-02-28 06:15:36Z INFO ConfigurationStore] IsConfigured: False
[2025-02-28 06:15:36Z INFO ConfigurationManager] Is configured: False
[2025-02-28 06:15:36Z INFO CommandSettings] Arg 'url': 'https://github.com/977812671/test'
[2025-02-28 06:15:36Z INFO CommandSettings] Remove url from Arg dictionary.
[2025-02-28 06:15:36Z INFO ConfigurationManager] Retriving runner registration token using GitHub PAT.
[2025-02-28 06:15:37Z INFO ConfigurationManager] Http response code: Created from 'POST https://api.github.com/repos/977812671/test/actions/runners/registration-token' (9E0C:94D0A:2E371DA:5CEB541:67C15488)
[2025-02-28 06:15:38Z INFO ConfigurationManager] Retrived runner registration token is good to 2025-02-28T15:15:37.559+08:00.
[2025-02-28 06:15:38Z INFO ConfigurationManager] Http response code: OK from 'POST https://api.github.com/actions/runner-registration' (A238:EAC5A:176F4D:2F74B7:67C1548A)
[2025-02-28 06:15:38Z INFO ConfigurationManager] Using V2 flow: False
[2025-02-28 06:15:38Z INFO ConfigurationManager] cred retrieved via GitHub auth
[2025-02-28 06:15:38Z INFO RunnerServer] EstablishVssConnection
[2025-02-28 06:15:38Z INFO RunnerServer] Establish connection with 100 seconds timeout.
[2025-02-28 06:15:38Z INFO GitHubActionsService] Starting operation Location.GetConnectionData
[2025-02-28 06:15:38Z INFO RunnerServer] EstablishVssConnection
[2025-02-28 06:15:38Z INFO RunnerServer] Establish connection with 60 seconds timeout.
[2025-02-28 06:15:38Z INFO GitHubActionsService] Starting operation Location.GetConnectionData
[2025-02-28 06:15:38Z INFO RunnerServer] EstablishVssConnection
[2025-02-28 06:15:38Z INFO RunnerServer] Establish connection with 60 seconds timeout.
[2025-02-28 06:15:38Z INFO GitHubActionsService] Starting operation Location.GetConnectionData
[2025-02-28 06:15:39Z INFO GitHubActionsService] Finished operation Location.GetConnectionData
[2025-02-28 06:15:39Z INFO GitHubActionsService] Finished operation Location.GetConnectionData
[2025-02-28 06:15:39Z INFO GitHubActionsService] Finished operation Location.GetConnectionData
[2025-02-28 06:15:39Z INFO Terminal] WRITE LINE: 
[2025-02-28 06:15:39Z INFO ConfigurationManager] Test Connection complete.
[2025-02-28 06:15:39Z INFO HostContext] Well known directory 'Bin': '/root/runner/bin'
[2025-02-28 06:15:39Z INFO HostContext] Well known directory 'Root': '/root/runner'
[2025-02-28 06:15:39Z INFO HostContext] Well known config file 'RSACredentials': '/root/runner/.credentials_rsaparams'
[2025-02-28 06:15:39Z INFO RSAFileKeyManager] Found existing RSA key parameters file /root/runner/.credentials_rsaparams
[2025-02-28 06:15:39Z INFO CommandSettings] Arg 'runnergroup': ''
[2025-02-28 06:15:39Z INFO CommandSettings] Flag 'unattended': 'False'
[2025-02-28 06:15:39Z INFO PromptManager] ReadValue
[2025-02-28 06:15:39Z INFO Terminal] WRITE: Enter the name of the runner group to add this runner to: 
[2025-02-28 06:15:39Z INFO Terminal] WRITE: [press Enter for Default] 
[2025-02-28 06:15:39Z INFO Terminal] READ LINE
[2025-02-28 06:15:40Z INFO Terminal] Read value: ''
[2025-02-28 06:15:40Z INFO PromptManager] Falling back to the default: 'Default'
[2025-02-28 06:15:40Z INFO Terminal] WRITE LINE: 
[2025-02-28 06:15:40Z INFO ConfigurationManager] Found a self-hosted runner group with id 1 and name Default
[2025-02-28 06:15:40Z INFO CommandSettings] Flag 'disableupdate': 'False'
[2025-02-28 06:15:40Z INFO CommandSettings] Flag 'ephemeral': 'False'
[2025-02-28 06:15:40Z INFO CommandSettings] Arg 'name': ''
[2025-02-28 06:15:40Z INFO CommandSettings] Flag 'unattended': 'False'
[2025-02-28 06:15:40Z INFO PromptManager] ReadValue
[2025-02-28 06:15:40Z INFO Terminal] WRITE: Enter the name of runner: 
[2025-02-28 06:15:40Z INFO Terminal] WRITE: [press Enter for racknerd-fd2fee] 
[2025-02-28 06:15:40Z INFO Terminal] READ LINE
[2025-02-28 06:15:46Z INFO Terminal] Read value: ''
[2025-02-28 06:15:46Z INFO PromptManager] Falling back to the default: 'racknerd-fd2fee'
[2025-02-28 06:15:46Z INFO Terminal] WRITE LINE: 
[2025-02-28 06:15:46Z INFO CommandSettings] Arg 'labels': ''
[2025-02-28 06:15:46Z INFO CommandSettings] Flag 'unattended': 'False'
[2025-02-28 06:15:46Z INFO PromptManager] ReadValue
[2025-02-28 06:15:46Z INFO Terminal] WRITE: This runner will have the following labels: 'self-hosted', 'Linux', 'X64' 
Enter any additional labels (ex. label-1,label-2): 
[2025-02-28 06:15:46Z INFO Terminal] WRITE: [press Enter to skip] 
[2025-02-28 06:15:46Z INFO Terminal] READ LINE
[2025-02-28 06:15:49Z INFO Terminal] WRITE LINE: Exiting...
