[2025-02-28 05:33:33Z INFO HostContext] No proxy settings were found based on environmental variables (http_proxy/https_proxy/HTTP_PROXY/HTTPS_PROXY)
[2025-02-28 05:33:33Z INFO HostContext] Well known directory 'Bin': '/root/runner/bin'
[2025-02-28 05:33:33Z INFO HostContext] Well known directory 'Root': '/root/runner'
[2025-02-28 05:33:33Z INFO HostContext] Well known config file 'Credentials': '/root/runner/.credentials'
[2025-02-28 05:33:33Z INFO HostContext] Well known directory 'Bin': '/root/runner/bin'
[2025-02-28 05:33:33Z INFO HostContext] Well known directory 'Root': '/root/runner'
[2025-02-28 05:33:33Z INFO HostContext] Well known config file 'Runner': '/root/runner/.runner'
[2025-02-28 05:33:33Z INFO Listener] Runner is built for Linux (X64) - gancc.
[2025-02-28 05:33:33Z INFO Listener] RuntimeInformation: Ubuntu 22.04.1 LTS.
[2025-02-28 05:33:33Z INFO Listener] Version: 2.322.0
[2025-02-28 05:33:33Z INFO Listener] Commit: N/A
[2025-02-28 05:33:33Z INFO Listener] Culture: en-US
[2025-02-28 05:33:33Z INFO Listener] UI Culture: en-US
[2025-02-28 05:33:33Z INFO HostContext] Well known directory 'Bin': '/root/runner/bin'
[2025-02-28 05:33:33Z INFO HostContext] Well known directory 'Root': '/root/runner'
[2025-02-28 05:33:33Z INFO Listener] Validating directory permissions for: '/root/runner'
[2025-02-28 05:33:33Z INFO CommandLineParser] Parse
[2025-02-28 05:33:33Z INFO CommandLineParser] Parsing 5 args
[2025-02-28 05:33:33Z INFO CommandLineParser] parsing argument
[2025-02-28 05:33:33Z INFO CommandLineParser] HasArgs: False
[2025-02-28 05:33:33Z INFO CommandLineParser] Adding Command: configure
[2025-02-28 05:33:33Z INFO CommandLineParser] parsing argument
[2025-02-28 05:33:33Z INFO CommandLineParser] HasArgs: True
[2025-02-28 05:33:33Z INFO CommandLineParser] arg: url
[2025-02-28 05:33:33Z INFO CommandLineParser] parsing argument
[2025-02-28 05:33:33Z INFO CommandLineParser] HasArgs: True
[2025-02-28 05:33:33Z INFO CommandLineParser] Adding option 'url': 'https://github.com/977812671/test'
[2025-02-28 05:33:33Z INFO CommandLineParser] parsing argument
[2025-02-28 05:33:33Z INFO CommandLineParser] HasArgs: True
[2025-02-28 05:33:33Z INFO CommandLineParser] arg: pat
[2025-02-28 05:33:33Z INFO CommandLineParser] parsing argument
[2025-02-28 05:33:33Z INFO CommandLineParser] HasArgs: True
[2025-02-28 05:33:33Z INFO CommandLineParser] Adding option 'pat': '***'
[2025-02-28 05:33:33Z INFO Listener] Arguments parsed
[2025-02-28 05:33:33Z INFO Runner] ExecuteCommand
[2025-02-28 05:33:33Z INFO ConfigurationStore] currentAssemblyLocation: /root/runner/bin/Runner.Listener.dll
[2025-02-28 05:33:33Z INFO HostContext] Well known directory 'Bin': '/root/runner/bin'
[2025-02-28 05:33:33Z INFO ConfigurationStore] binPath: /root/runner/bin
[2025-02-28 05:33:33Z INFO HostContext] Well known directory 'Bin': '/root/runner/bin'
[2025-02-28 05:33:33Z INFO HostContext] Well known directory 'Root': '/root/runner'
[2025-02-28 05:33:33Z INFO ConfigurationStore] RootFolder: /root/runner
[2025-02-28 05:33:33Z INFO HostContext] Well known directory 'Bin': '/root/runner/bin'
[2025-02-28 05:33:33Z INFO HostContext] Well known directory 'Root': '/root/runner'
[2025-02-28 05:33:33Z INFO HostContext] Well known config file 'Runner': '/root/runner/.runner'
[2025-02-28 05:33:33Z INFO ConfigurationStore] ConfigFilePath: /root/runner/.runner
[2025-02-28 05:33:33Z INFO HostContext] Well known directory 'Bin': '/root/runner/bin'
[2025-02-28 05:33:33Z INFO HostContext] Well known directory 'Root': '/root/runner'
[2025-02-28 05:33:33Z INFO HostContext] Well known config file 'Credentials': '/root/runner/.credentials'
[2025-02-28 05:33:33Z INFO ConfigurationStore] CredFilePath: /root/runner/.credentials
[2025-02-28 05:33:33Z INFO HostContext] Well known directory 'Bin': '/root/runner/bin'
[2025-02-28 05:33:33Z INFO HostContext] Well known directory 'Root': '/root/runner'
[2025-02-28 05:33:33Z INFO HostContext] Well known config file 'MigratedCredentials': '/root/runner/.credentials_migrated'
[2025-02-28 05:33:33Z INFO ConfigurationStore] MigratedCredFilePath: /root/runner/.credentials_migrated
[2025-02-28 05:33:33Z INFO HostContext] Well known directory 'Bin': '/root/runner/bin'
[2025-02-28 05:33:33Z INFO HostContext] Well known directory 'Root': '/root/runner'
[2025-02-28 05:33:33Z INFO HostContext] Well known config file 'Service': '/root/runner/.service'
[2025-02-28 05:33:33Z INFO ConfigurationStore] ServiceConfigFilePath: /root/runner/.service
[2025-02-28 05:33:33Z INFO CommandSettings] Flag 'help': 'False'
[2025-02-28 05:33:33Z INFO CommandSettings] Flag 'version': 'False'
[2025-02-28 05:33:33Z INFO CommandSettings] Flag 'commit': 'False'
[2025-02-28 05:33:33Z INFO CommandSettings] Flag 'check': 'False'
[2025-02-28 05:33:33Z INFO CommandSettings] Command 'configure': 'True'
[2025-02-28 05:33:33Z INFO Terminal] WRITE LINE: 
[2025-02-28 05:33:33Z INFO Terminal] WRITE LINE: --------------------------------------------------------------------------------
[2025-02-28 05:33:33Z INFO Terminal] WRITE LINE: |        ____ _ _   _   _       _          _        _   _                      |
[2025-02-28 05:33:33Z INFO Terminal] WRITE LINE: |       / ___(_) |_| | | |_   _| |__      / \   ___| |_(_) ___  _ __  ___      |
[2025-02-28 05:33:33Z INFO Terminal] WRITE LINE: |      | |  _| | __| |_| | | | | '_ \    / _ \ / __| __| |/ _ \| '_ \/ __|     |
[2025-02-28 05:33:33Z INFO Terminal] WRITE LINE: |      | |_| | | |_|  _  | |_| | |_) |  / ___ \ (__| |_| | (_) | | | \__ \     |
[2025-02-28 05:33:33Z INFO Terminal] WRITE LINE: |       \____|_|\__|_| |_|\__,_|_.__/  /_/   \_\___|\__|_|\___/|_| |_|___/     |
[2025-02-28 05:33:33Z INFO Terminal] WRITE LINE: |                                                                              |
[2025-02-28 05:33:33Z INFO Terminal] WRITE: |                       
[2025-02-28 05:33:33Z INFO Terminal] WRITE: Self-hosted runner registration
[2025-02-28 05:33:33Z INFO Terminal] WRITE LINE:                         |
[2025-02-28 05:33:33Z INFO Terminal] WRITE LINE: |                                                                              |
[2025-02-28 05:33:33Z INFO Terminal] WRITE LINE: --------------------------------------------------------------------------------
[2025-02-28 05:33:33Z INFO ConfigurationManager] ConfigureAsync
[2025-02-28 05:33:33Z INFO CommandSettings] Flag 'generateServiceConfig': 'False'
[2025-02-28 05:33:33Z INFO ConfigurationStore] IsConfigured()
[2025-02-28 05:33:33Z INFO ConfigurationStore] IsConfigured: False
[2025-02-28 05:33:33Z INFO ConfigurationManager] Is configured: False
[2025-02-28 05:33:33Z INFO CommandSettings] Arg 'url': 'https://github.com/977812671/test'
[2025-02-28 05:33:33Z INFO CommandSettings] Remove url from Arg dictionary.
[2025-02-28 05:33:33Z INFO ConfigurationManager] Retriving runner registration token using GitHub PAT.
[2025-02-28 05:33:34Z INFO ConfigurationManager] Http response code: Created from 'POST https://api.github.com/repos/977812671/test/actions/runners/registration-token' (9DF8:100D50:2C6A941:594F0E4:67C14AAD)
[2025-02-28 05:33:35Z INFO ConfigurationManager] Retrived runner registration token is good to 2025-02-28T14:33:34.799+08:00.
[2025-02-28 05:33:35Z INFO ConfigurationManager] Http response code: OK from 'POST https://api.github.com/actions/runner-registration' (9DFA:F7755:3096A1E:6190D5A:67C14AAF)
[2025-02-28 05:33:35Z INFO ConfigurationManager] Using V2 flow: False
[2025-02-28 05:33:35Z INFO ConfigurationManager] cred retrieved via GitHub auth
[2025-02-28 05:33:35Z INFO RunnerServer] EstablishVssConnection
[2025-02-28 05:33:35Z INFO RunnerServer] Establish connection with 100 seconds timeout.
[2025-02-28 05:33:35Z INFO GitHubActionsService] Starting operation Location.GetConnectionData
[2025-02-28 05:33:35Z INFO RunnerServer] EstablishVssConnection
[2025-02-28 05:33:35Z INFO RunnerServer] Establish connection with 60 seconds timeout.
[2025-02-28 05:33:35Z INFO GitHubActionsService] Starting operation Location.GetConnectionData
[2025-02-28 05:33:35Z INFO RunnerServer] EstablishVssConnection
[2025-02-28 05:33:35Z INFO RunnerServer] Establish connection with 60 seconds timeout.
[2025-02-28 05:33:35Z INFO GitHubActionsService] Starting operation Location.GetConnectionData
[2025-02-28 05:33:36Z INFO GitHubActionsService] Finished operation Location.GetConnectionData
[2025-02-28 05:33:36Z INFO GitHubActionsService] Finished operation Location.GetConnectionData
[2025-02-28 05:33:36Z INFO GitHubActionsService] Finished operation Location.GetConnectionData
[2025-02-28 05:33:36Z INFO Terminal] WRITE LINE: 
[2025-02-28 05:33:36Z INFO ConfigurationManager] Test Connection complete.
[2025-02-28 05:33:36Z INFO HostContext] Well known directory 'Bin': '/root/runner/bin'
[2025-02-28 05:33:36Z INFO HostContext] Well known directory 'Root': '/root/runner'
[2025-02-28 05:33:36Z INFO HostContext] Well known config file 'RSACredentials': '/root/runner/.credentials_rsaparams'
[2025-02-28 05:33:36Z INFO RSAFileKeyManager] Creating new RSA key using 2048-bit key length
[2025-02-28 05:33:37Z INFO RSAFileKeyManager] Successfully saved RSA key parameters to file /root/runner/.credentials_rsaparams
[2025-02-28 05:33:37Z INFO RSAFileKeyManager] Which2: 'chmod'
[2025-02-28 05:33:37Z INFO RSAFileKeyManager] Location: '/usr/bin/chmod'
[2025-02-28 05:33:37Z INFO HostContext] Well known directory 'Bin': '/root/runner/bin'
[2025-02-28 05:33:37Z INFO HostContext] Well known directory 'Root': '/root/runner'
[2025-02-28 05:33:37Z INFO ProcessInvokerWrapper] Starting process:
[2025-02-28 05:33:37Z INFO ProcessInvokerWrapper]   File name: '/usr/bin/chmod'
[2025-02-28 05:33:37Z INFO ProcessInvokerWrapper]   Arguments: '600 /root/runner/.credentials_rsaparams'
[2025-02-28 05:33:37Z INFO ProcessInvokerWrapper]   Working directory: '/root/runner'
[2025-02-28 05:33:37Z INFO ProcessInvokerWrapper]   Require exit code zero: 'False'
[2025-02-28 05:33:37Z INFO ProcessInvokerWrapper]   Encoding web name:  ; code page: ''
[2025-02-28 05:33:37Z INFO ProcessInvokerWrapper]   Force kill process on cancellation: 'False'
[2025-02-28 05:33:37Z INFO ProcessInvokerWrapper]   Redirected STDIN: 'False'
[2025-02-28 05:33:37Z INFO ProcessInvokerWrapper]   Persist current code page: 'False'
[2025-02-28 05:33:37Z INFO ProcessInvokerWrapper]   Keep redirected STDIN open: 'False'
[2025-02-28 05:33:37Z INFO ProcessInvokerWrapper]   High priority process: 'False'
[2025-02-28 05:33:37Z INFO ProcessInvokerWrapper] STDOUT/STDERR stream read finished.
[2025-02-28 05:33:37Z INFO ProcessInvokerWrapper] Process started with process id 2172140, waiting for process exit.
[2025-02-28 05:33:37Z INFO ProcessInvokerWrapper] STDOUT/STDERR stream read finished.
[2025-02-28 05:33:37Z INFO ProcessInvokerWrapper] Finished process 2172140 with exit code 0, and elapsed time 00:00:00.0441955.
[2025-02-28 05:33:37Z INFO RSAFileKeyManager] Successfully set permissions for RSA key parameters file /root/runner/.credentials_rsaparams
[2025-02-28 05:33:37Z INFO CommandSettings] Arg 'runnergroup': ''
[2025-02-28 05:33:37Z INFO CommandSettings] Flag 'unattended': 'False'
[2025-02-28 05:33:37Z INFO PromptManager] ReadValue
[2025-02-28 05:33:37Z INFO Terminal] WRITE: Enter the name of the runner group to add this runner to: 
[2025-02-28 05:33:37Z INFO Terminal] WRITE: [press Enter for Default] 
[2025-02-28 05:33:37Z INFO Terminal] READ LINE
[2025-02-28 05:37:26Z INFO Terminal] Read value: ''
[2025-02-28 05:37:26Z INFO PromptManager] Falling back to the default: 'Default'
[2025-02-28 05:37:26Z INFO Terminal] WRITE LINE: 
[2025-02-28 05:37:26Z INFO Terminal] WRITE LINE: Exiting...
[2025-02-28 05:37:26Z INFO ConfigurationManager] Found a self-hosted runner group with id 1 and name Default
[2025-02-28 05:37:26Z INFO CommandSettings] Flag 'disableupdate': 'False'
[2025-02-28 05:37:26Z INFO CommandSettings] Flag 'ephemeral': 'False'
[2025-02-28 05:37:26Z INFO CommandSettings] Arg 'name': ''
[2025-02-28 05:37:26Z INFO CommandSettings] Flag 'unattended': 'False'
[2025-02-28 05:37:26Z INFO PromptManager] ReadValue
[2025-02-28 05:37:26Z INFO Terminal] WRITE: Enter the name of runner: 
[2025-02-28 05:37:26Z INFO Terminal] WRITE: [press Enter for racknerd-fd2fee] 
